<?xml version="1.0" encoding="UTF-8"?>
<testsuite name="CalculadorTest" tests="5" skipped="0" failures="0" errors="0" timestamp="2024-04-10T13:16:11" hostname="DESKTOP-D3ILQNT" time="0.024">
  <properties/>
  <testcase name="divisionPorCeroLanzaExcepcion()" classname="CalculadorTest" time="0.018"/>
  <testcase name="sumaDosNumeros()" classname="CalculadorTest" time="0.002"/>
  <testcase name="restaDosNumeros()" classname="CalculadorTest" time="0.001"/>
  <testcase name="divisionDosNumeros()" classname="CalculadorTest" time="0.002"/>
  <testcase name="multiplicacionDosNumeros()" classname="CalculadorTest" time="0.001"/>
  <system-out><![CDATA[]]></system-out>
  <system-err><![CDATA[]]></system-err>
</testsuite>
